<?xml version="1.0" encoding="UTF-8"?>
<!-- Generated by org.testng.reporters.JUnitReportReporter -->
<testsuite hostname="DESKTOP-KNQTGVG" failures="0" tests="3" name="MW.SeleniumTestFramework.Tests.SubmitOrderTest" time="28.710" errors="0" timestamp="2022-11-26T22:13:24 CET" skipped="0">
  <testcase classname="MW.SeleniumTestFramework.Tests.SubmitOrderTest" name="SubmitOrder" time="10.209"/>
  <system-out/>
  <testcase classname="MW.SeleniumTestFramework.Tests.SubmitOrderTest" name="SubmitOrder" time="11.620"/>
  <system-out/>
  <testcase classname="MW.SeleniumTestFramework.Tests.SubmitOrderTest" name="OrderHistoryTest" time="6.881"/>
  <system-out/>
</testsuite> <!-- MW.SeleniumTestFramework.Tests.SubmitOrderTest -->
