<?xml version="1.0" encoding="UTF-8"?>
<!-- Generated by org.testng.reporters.JUnitReportReporter -->
<testsuite hostname="DESKTOP-KNQTGVG" failures="0" tests="1" name="MW.SeleniumTestFramework.Tests.ErrorValidations" time="13.442" errors="0" timestamp="2022-11-22T13:56:24 CET" skipped="0">
  <testcase classname="MW.SeleniumTestFramework.Tests.ErrorValidations" name="SubmitOrder" time="13.442"/>
  <system-out/>
</testsuite> <!-- MW.SeleniumTestFramework.Tests.ErrorValidations -->
