<?xml version="1.0" encoding="UTF-8"?>
<!-- Generated by org.testng.reporters.JUnitReportReporter -->
<testsuite hostname="DESKTOP-KNQTGVG" failures="0" tests="1" name="MW.SeleniumTestFramework.TestComponens.SubmitOrderTest" time="12.820" errors="0" timestamp="2022-11-21T21:50:16 CET" skipped="0">
  <testcase classname="MW.SeleniumTestFramework.TestComponens.SubmitOrderTest" name="SubmitOrder" time="12.820"/>
  <system-out/>
</testsuite> <!-- MW.SeleniumTestFramework.TestComponens.SubmitOrderTest -->
