<?xml version="1.0" encoding="UTF-8"?>
<!-- Generated by org.testng.reporters.JUnitReportReporter -->
<testsuite hostname="DESKTOP-KNQTGVG" failures="0" tests="3" name="MW.SeleniumTestFramework.Tests.SubmitOrderTest" time="76.179" errors="0" timestamp="2022-12-01T19:36:49 CET" skipped="0">
  <testcase classname="MW.SeleniumTestFramework.Tests.SubmitOrderTest" name="SubmitOrder" time="17.244"/>
  <system-out/>
  <testcase classname="MW.SeleniumTestFramework.Tests.SubmitOrderTest" name="OrderHistoryTest" time="27.170"/>
  <system-out/>
  <testcase classname="MW.SeleniumTestFramework.Tests.SubmitOrderTest" name="SubmitOrder" time="31.765"/>
  <system-out/>
</testsuite> <!-- MW.SeleniumTestFramework.Tests.SubmitOrderTest -->
