<?xml version="1.0" encoding="UTF-8"?>
<!-- Generated by org.testng.reporters.JUnitReportReporter -->
<testsuite hostname="DESKTOP-KNQTGVG" failures="0" tests="1" name="MW.SeleniumTestFramework.Tests.ErrorValidationsTest" time="9.043" errors="0" timestamp="2022-12-01T19:36:49 CET" skipped="0">
  <testcase classname="MW.SeleniumTestFramework.Tests.ErrorValidationsTest" name="ErrorValidations" time="9.043"/>
  <system-out/>
</testsuite> <!-- MW.SeleniumTestFramework.Tests.ErrorValidationsTest -->
